<?xml version="1.0" encoding="UTF-8"?>
<testsuite xmlns:xsi="http://www.w3.org/2001/XMLSchema-instance" xsi:noNamespaceSchemaLocation="https://maven.apache.org/surefire/maven-surefire-plugin/xsd/surefire-test-report.xsd" name="views.MainMenuViewTest" time="2.181" tests="10" errors="0" skipped="0" failures="0">
  <properties>
[...]
</properties>
  <testcase name="deleteImageFailure" classname="views.MainMenuViewTest" time="2.126"/>
  <testcase name="getAllImagesFailure" classname="views.MainMenuViewTest" time="0.003"/>
  <testcase name="uploadImageSuccess" classname="views.MainMenuViewTest" time="0.007"/>
  <testcase name="uploadImageFailure" classname="views.MainMenuViewTest" time="0.003"/>
  <testcase name="uploadImageNoFileChosen" classname="views.MainMenuViewTest" time="0.002"/>
  <testcase name="getImagesByTitleSuccess" classname="views.MainMenuViewTest" time="0.01"/>
  <testcase name="handlesInvalidInputWhenChoiceIsOutOfRange" classname="views.MainMenuViewTest" time="0.004"/>
  <testcase name="deleteImageSuccess" classname="views.MainMenuViewTest" time="0.005"/>
  <testcase name="getAllImagesSuccess" classname="views.MainMenuViewTest" time="0.005"/>
  <testcase name="getImagesByTitleFailure" classname="views.MainMenuViewTest" time="0.004"/>
</testsuite>